0 info it worked if it ends with ok
1 verbose cli [ 'node', '/usr/local/bin/npm', 'run', 'deploy' ]
2 info using npm@2.12.1
3 info using node@v0.12.7
4 verbose node symlink /usr/local/bin/node
5 verbose run-script [ 'predeploy', 'deploy', 'postdeploy' ]
6 info predeploy aframe-hello-world@0.0.0
7 info deploy aframe-hello-world@0.0.0
8 verbose unsafe-perm in lifecycle true
9 info aframe-hello-world@0.0.0 Failed to exec deploy script
10 verbose stack Error: aframe-hello-world@0.0.0 deploy: `ghpages`
10 verbose stack Exit status 1
10 verbose stack     at EventEmitter.<anonymous> (/usr/local/lib/node_modules/npm/lib/utils/lifecycle.js:213:16)
10 verbose stack     at EventEmitter.emit (events.js:110:17)
10 verbose stack     at ChildProcess.<anonymous> (/usr/local/lib/node_modules/npm/lib/utils/spawn.js:24:14)
10 verbose stack     at ChildProcess.emit (events.js:110:17)
10 verbose stack     at maybeClose (child_process.js:1015:16)
10 verbose stack     at Process.ChildProcess._handle.onexit (child_process.js:1087:5)
11 verbose pkgid aframe-hello-world@0.0.0
12 verbose cwd /opt/a-hello-world
13 error Darwin 14.5.0
14 error argv "node" "/usr/local/bin/npm" "run" "deploy"
15 error node v0.12.7
16 error npm  v2.12.1
17 error code ELIFECYCLE
18 error aframe-hello-world@0.0.0 deploy: `ghpages`
18 error Exit status 1
19 error Failed at the aframe-hello-world@0.0.0 deploy script 'ghpages'.
19 error This is most likely a problem with the aframe-hello-world package,
19 error not with npm itself.
19 error Tell the author that this fails on your system:
19 error     ghpages
19 error You can get their info via:
19 error     npm owner ls aframe-hello-world
19 error There is likely additional logging output above.
20 verbose exit [ 1, true ]
